[2012-09-20 12:27:20] myapp.INFO: > GET /yt-subtitle-explorer/ [] []
[2012-09-20 12:27:20] myapp.ERROR: Please complete installation by visiting: /yt-subtitle-explorer/install [] []
[2012-09-20 12:27:20] myapp.INFO: < 412 [] []
[2012-09-20 12:27:42] myapp.INFO: > GET / [] []
[2012-09-20 12:27:42] myapp.ERROR: Please complete installation by visiting: /install [] []
[2012-09-20 12:27:43] myapp.INFO: < 412 [] []
[2012-09-20 12:27:43] myapp.INFO: > GET /favicon.ico [] []
[2012-09-20 12:27:43] myapp.ERROR: No route found for "GET /favicon.ico" [] []
[2012-09-20 12:27:43] myapp.INFO: < 404 [] []
[2012-09-20 12:29:11] myapp.INFO: > GET / [] []
[2012-09-20 12:29:11] myapp.ERROR: Please complete installation by visiting: /install [] []
[2012-09-20 12:29:11] myapp.INFO: < 412 [] []
[2012-09-20 12:29:11] myapp.INFO: > GET /favicon.ico [] []
[2012-09-20 12:29:11] myapp.ERROR: No route found for "GET /favicon.ico" [] []
[2012-09-20 12:29:11] myapp.INFO: < 404 [] []
[2012-09-20 12:42:54] myapp.INFO: > GET / [] []
[2012-09-20 12:42:54] myapp.ERROR: Please complete installation by visiting: /install [] []
[2012-09-20 12:42:54] myapp.INFO: < 412 [] []
[2012-09-20 12:42:54] myapp.INFO: > GET /favicon.ico [] []
[2012-09-20 12:42:54] myapp.ERROR: No route found for "GET /favicon.ico" [] []
[2012-09-20 12:42:54] myapp.INFO: < 404 [] []
[2012-09-20 12:43:09] myapp.INFO: > GET / [] []
[2012-09-20 12:43:09] myapp.ERROR: Please complete installation by visiting: /install [] []
[2012-09-20 12:43:09] myapp.INFO: < 412 [] []
[2012-09-20 12:43:09] myapp.INFO: > GET /favicon.ico [] []
[2012-09-20 12:43:09] myapp.ERROR: No route found for "GET /favicon.ico" [] []
[2012-09-20 12:43:09] myapp.INFO: < 404 [] []
[2012-09-20 12:45:24] myapp.INFO: > GET / [] []
[2012-09-20 12:45:24] myapp.ERROR: Please complete installation by visiting: /install [] []
[2012-09-20 12:45:24] myapp.INFO: < 412 [] []
[2012-09-20 12:45:24] myapp.INFO: > GET /favicon.ico [] []
[2012-09-20 12:45:24] myapp.ERROR: No route found for "GET /favicon.ico" [] []
[2012-09-20 12:45:24] myapp.INFO: < 404 [] []
[2012-09-20 12:56:05] myapp.INFO: > GET / [] []
[2012-09-20 12:56:05] myapp.ERROR: Please complete installation by visiting: /install [] []
[2012-09-20 12:56:05] myapp.INFO: < 412 [] []
[2012-09-20 12:56:06] myapp.INFO: > GET /favicon.ico [] []
[2012-09-20 12:56:06] myapp.ERROR: No route found for "GET /favicon.ico" [] []
[2012-09-20 12:56:06] myapp.INFO: < 404 [] []
[2012-09-20 12:56:44] myapp.INFO: > GET / [] []
[2012-09-20 12:56:44] myapp.ERROR: Please complete installation by visiting: /install [] []
[2012-09-20 12:56:44] myapp.INFO: < 412 [] []
[2012-09-20 12:56:45] myapp.INFO: > GET /favicon.ico [] []
[2012-09-20 12:56:45] myapp.ERROR: No route found for "GET /favicon.ico" [] []
[2012-09-20 12:56:45] myapp.INFO: < 404 [] []
[2012-09-20 12:56:54] myapp.INFO: > GET / [] []
[2012-09-20 12:56:54] myapp.ERROR: Please complete installation by visiting: /install [] []
[2012-09-20 12:56:54] myapp.INFO: < 412 [] []
[2012-09-20 12:56:55] myapp.INFO: > GET /favicon.ico [] []
[2012-09-20 12:56:55] myapp.ERROR: No route found for "GET /favicon.ico" [] []
[2012-09-20 12:56:55] myapp.INFO: < 404 [] []
[2012-09-20 12:57:09] myapp.INFO: > GET / [] []
[2012-09-20 12:57:09] myapp.ERROR: Please complete installation by visiting: /install [] []
[2012-09-20 12:57:09] myapp.INFO: < 412 [] []
[2012-09-20 12:57:09] myapp.INFO: > GET /favicon.ico [] []
[2012-09-20 12:57:09] myapp.ERROR: No route found for "GET /favicon.ico" [] []
[2012-09-20 12:57:09] myapp.INFO: < 404 [] []
[2012-09-20 12:59:42] myapp.INFO: > GET / [] []
[2012-09-20 12:59:43] myapp.ERROR: Please complete installation by visiting: /install [] []
[2012-09-20 12:59:43] myapp.INFO: < 412 [] []
[2012-09-20 12:59:43] myapp.INFO: > GET /favicon.ico [] []
[2012-09-20 12:59:43] myapp.ERROR: No route found for "GET /favicon.ico" [] []
[2012-09-20 12:59:43] myapp.INFO: < 404 [] []
[2012-09-20 13:00:02] myapp.INFO: > GET / [] []
[2012-09-20 13:00:02] myapp.ERROR: Please complete installation by visiting: /install [] []
[2012-09-20 13:00:02] myapp.INFO: < 412 [] []
[2012-09-20 13:00:02] myapp.INFO: > GET /favicon.ico [] []
[2012-09-20 13:00:02] myapp.ERROR: No route found for "GET /favicon.ico" [] []
[2012-09-20 13:00:02] myapp.INFO: < 404 [] []
[2012-09-20 13:00:16] myapp.INFO: > GET / [] []
[2012-09-20 13:00:16] myapp.ERROR: Please complete installation by visiting: /install [] []
[2012-09-20 13:00:16] myapp.INFO: < 412 [] []
[2012-09-20 13:00:17] myapp.INFO: > GET /favicon.ico [] []
[2012-09-20 13:00:17] myapp.ERROR: No route found for "GET /favicon.ico" [] []
[2012-09-20 13:00:17] myapp.INFO: < 404 [] []
